         w __deregister_frame_info
         w __register_frame_info
         w _ITM_deregisterTMCloneTable
         w _ITM_registerTMCloneTable
00000000 b .LANCHOR1
00000000 00000401 b __fixedpath
00000000 b _TLS_MODULE_BASE_
00000000 a shift
00000000 a shift
00000404 b .LANCHOR3
00000404 00000802 b __utf16path
00000c08 b .LANCHOR5
00000c08 00000802 b __utf16path_old.8577
00100000 A __start__
00100000 T _start
00100008 T __service_ptr
0010000c T __apt_appid
00100010 T __heap_size
00100014 T __linear_heap_size
00100018 T __system_arglist
0010001c T __system_runflags
00100020 t startup
00100058 t ClearMem
0010006c t ClrLoop
00100094 T _init
001000ac T initSystem
001000f0 T __ctru_exit
00100110 T __aeabi_idiv
00100110 00000220 T __divsi3
00100118 t .divsi3_skip_div0_test
00100330 00000020 T __aeabi_idivmod
00100350 00000004 W __aeabi_idiv0
00100350 00000004 W __aeabi_ldiv0
00100354 T __aeabi_drsub
0010035c 000002b0 T __aeabi_dsub
0010035c 000002b0 T __subdf3
00100360 000002ac T __adddf3
00100360 000002ac T __aeabi_dadd
0010060c 00000024 T __aeabi_ui2d
0010060c 00000024 T __floatunsidf
00100630 00000028 T __aeabi_i2d
00100630 00000028 T __floatsidf
00100658 00000048 T __aeabi_f2d
00100658 00000048 T __extendsfdf2
001006a0 00000074 T __aeabi_ul2d
001006a0 00000074 T __floatundidf
001006b4 00000060 T __aeabi_l2d
001006b4 00000060 T __floatdidf
00100714 T __aeabi_uldivmod
00100768 00000390 T strcmp
00100af0 t .udivsi3_skip_div0_test
00100af0 T __aeabi_uidiv
00100af0 000001ec T __udivsi3
00100cdc 00000020 T __aeabi_uidivmod
00100cfc t deregister_tm_clones
00100d28 t register_tm_clones
00100d60 t __do_global_dtors_aux
00100da4 t frame_dummy
00100dd8 0000026c T main
00101044 0000032c T C2D_Init
00101370 00000048 T C2D_Fini
001013b8 000000c8 T C2D_Prepare
00101480 0000010c T C2D_SceneSize
0010158c 00000044 T C2D_CreateScreenTarget
001015d0 00000030 T C2Di_FlushVtxBuf
00101600 00000020 t C2Di_FrameEndHook
00101620 00000018 T C2D_Flush
00101638 00000030 T C2D_TargetClear
00101668 00000218 T C2Di_Update
00101880 00000130 T C2D_DrawTriangle
001019b0 000001c0 T C2D_DrawRectangle
00101b70 000001a8 T C2D_DrawEllipse
00101d18 000000c4 t C3Di_SplitFrame.part.1
00101ddc 00000004 W C3Di_LightEnvUpdate
00101de0 00000004 W C3Di_LightEnvDirty
00101de4 000000ac t C3Di_AptEventHook
00101e90 00000004 W C3Di_GasUpdate
00101e94 0000021c T C3D_Init
001020b0 00000098 T C3D_SetViewport
00102148 0000050c T C3Di_UpdateContext
00102654 00000020 T C3Di_SplitFrame
00102674 00000010 T C3D_GetCmdBufUsage
00102684 00000064 T C3D_Fini
001026e8 00000114 T C3D_BindProgram
001027fc 00000054 t C3Di_RenderQueueInit
00102850 00000080 t C3Di_RenderTargetDestroy
001028d0 000000ac t onVBlank1
0010297c 0000013c t onVBlank0
00102ab8 0000000c t C3Di_RenderTargetNew
00102ac4 0000007c t C3Di_WaitAndClearQueue
00102b40 000000c0 t onQueueFinish
00102c00 00000044 t C3D_FrameSplit.part.6
00102c44 00000030 T C3D_FrameSync
00102c74 000000a0 T C3Di_RenderQueueExit
00102d14 00000020 T C3Di_RenderQueueWaitDone
00102d34 0000007c T C3D_FrameBegin
00102db0 00000048 T C3D_FrameDrawOn
00102df8 00000018 T C3D_FrameSplit
00102e10 00000164 T C3D_FrameEnd
00102f74 0000001c T C3D_FrameEndHook
00102f90 00000018 T C3D_GetDrawingTime
00102fa8 00000018 T C3D_GetProcessingTime
00102fc0 0000017c T C3D_RenderTargetCreate
0010313c 0000004c T C3D_RenderTargetSetOutput
00103188 00000048 T C3D_TexBind
001031d0 00000174 T C3Di_SetTex
00103344 0000001c T C3D_CalcColorBufSize
00103360 0000001c T C3D_CalcDepthBufSize
0010337c 00000044 T C3D_SetFrameBuf
001033c0 00000168 T C3Di_FrameBufBind
00103528 000000c8 T C3D_FrameBufClear
001035f0 00000048 T C3D_FrameBufTransfer
00103638 00000034 T C3D_GetTexEnv
0010366c 00000024 T C3Di_TexEnvBind
00103690 0000006c T C3D_ProcTexInit
001036fc 00000050 T C3D_ProcTexBind
0010374c 00000060 T C3D_ProcTexLutBind
001037ac 000000a4 T ProcTexLut_FromArray
00103850 00000174 T C3Di_ProcTexUpdate
001039c4 00000068 T C3Di_ProcTexDirty
00103a2c 00000024 T BufInfo_Init
00103a50 00000084 T BufInfo_Add
00103ad4 00000040 T C3D_SetBufInfo
00103b14 00000048 T C3Di_BufInfoBind
00103b5c 00000148 T C3D_DrawArrays
00103ca4 00000040 T C3D_DepthMap
00103ce4 0000001c T C3D_CullFace
00103d00 00000040 T C3D_StencilTest
00103d40 00000024 T C3D_StencilOp
00103d64 0000001c T C3D_BlendingColor
00103d80 00000024 T C3D_EarlyDepthTest
00103da4 0000002c T C3D_DepthTest
00103dd0 0000002c T C3D_AlphaTest
00103dfc 00000050 T C3D_AlphaBlend
00103e4c 00000030 T C3D_FragOpMode
00103e7c 00000044 T C3D_FragOpShadow
00103ec0 000001ac T C3Di_EffectBind
0010406c 00000028 T AttrInfo_Init
00104094 000000a0 T AttrInfo_AddLoader
00104134 00000054 T C3D_SetAttrInfo
00104188 00000080 T C3Di_AttrInfoBind
00104208 000000a4 T C3D_ImmSendAttrib
001042ac 000002b8 T C3D_UpdateUniforms
00104564 000000c0 T C3Di_DirtyUniforms
00104624 000000e0 T C3Di_LoadShaderUniforms
00104704 00000028 T C3Di_ClearShaderUniforms
0010472c 000000cc T Mtx_Ortho
001047f8 000000cc T Mtx_OrthoTilt
001048c4 00000024 t addrMapNodeComparator(rbtree_node const*, rbtree_node const*)
001048e8 00000004 t addrMapNodeDestructor(rbtree_node*)
001048ec 00000110 T vramMemAlign
001049fc 00000008 T vramAlloc
00104a04 00000050 T vramFree
00104a54 00000024 t addrMapNodeComparator(rbtree_node const*, rbtree_node const*)
00104a78 00000004 t addrMapNodeDestructor(rbtree_node*)
00104a7c 0000011c T linearMemAlign
00104b98 00000008 T linearAlloc
00104ba0 00000050 T linearFree
00104bf0 00000090 T MemPool::CoalesceRight(MemBlock*)
00104c80 00000174 T MemPool::Allocate(MemChunk&, unsigned long, int)
00104df4 000000fc T MemPool::Deallocate(MemChunk const&)
00104ef0 00000058 t getSysTime
00104f48 00000028 t __ctru_speedup_config.part.0
00104f70 0000004c T osConvertVirtToPhys
00104fbc 00000024 T osGetMemRegionUsed
00104fe0 00000128 T __libctru_gtod
00105108 00000038 T osTickCounterRead
00105140 00000018 T __ctru_speedup_config
00105158 000001b8 T consoleDrawChar
00105310 00000124 T consolePrintChar
00105434 00000164 t consoleCls
00105598 00000104 T consoleInit
0010569c 00000114 t consoleClearLine
001057b0 000000c4 t newRow
00105874 000007b8 T con_write
0010602c 0000008c t gfxSetFramebufferInfo.part.0
001060b8 0000006c t gfxSetFramebufferInfo
00106124 00000058 t gfxGetFramebuffer.part.1
0010617c 00000010 T gfxIs3D
0010618c 00000018 T __get_bytes_per_pixel
001061a4 00000184 T gfxSetScreenFormat
00106328 00000010 T gfxSetDoubleBuffering
00106338 00000210 T gfxInit
00106548 00000010 T gfxInitDefault
00106558 000000e0 T gfxExit
00106638 00000060 T gfxGetFramebuffer
00106698 000000cc T gfxFlushBuffers
00106764 000000f8 T gfxConfigScreen
0010685c 00000020 T gfxSwapBuffersGpu
0010687c 000001ec T shaderInstanceInit
00106a68 00000034 T shaderInstanceFree
00106a9c 00000018 T shaderInstanceGetUniformLocation
00106ab4 00000018 T shaderProgramInit
00106acc 0000002c T shaderProgramFree
00106af8 0000006c T shaderProgramSetVsh
00106b64 000008d4 T shaderProgramConfigure
00107438 000001f8 t DVLE_GenerateOutmap.part.0
00107630 000001cc T DVLB_ParseFile
001077fc 00000038 T DVLB_Free
00107834 00000078 T DVLE_GetUniformRegister
001078ac 00000038 t submitGxCommand
001078e4 00000010 T GX_BindQueue
001078f4 00000050 T GX_ProcessCommandList
00107944 00000054 T GX_MemoryFill
00107998 00000048 T GX_DisplayTransfer
001079e0 00000074 t gxCmdQueueDoCommands.part.0
00107a54 000000c8 T gxCmdQueueInterrupt
00107b1c 0000004c T gxCmdQueueClear
00107b68 000000f8 T gxCmdQueueAdd
00107c60 00000080 T gxCmdQueueRun
00107ce0 00000060 T gxCmdQueueStop
00107d40 00000084 T gxCmdQueueWait
00107dc4 00000138 T GPUCMD_Add
00107efc 000000b0 T GPUCMD_Split
00107fac 00000034 T f32tof16
00107fe0 00000034 T f32tof24
00108014 00000038 T f32tof31
0010804c 00000074 T gspInit
001080c0 0000003c T gspExit
001080fc 00000034 T gspSetEventCallback
00108130 000000a0 T gspInitEventHandler
001081d0 00000040 T gspExitEventHandler
00108210 00000044 T gspWaitForEvent
00108254 00000064 T gspWaitForAnyEvent
001082b8 00000178 t gspEventThreadMain
00108430 00000120 T gspSubmitGxCommand
00108550 0000006c T GSPGPU_SetBufferSwap
001085bc 0000004c T GSPGPU_FlushDataCache
00108608 00000034 T GSPGPU_SetLcdForceBlack
0010863c 00000064 T GSPGPU_RegisterInterruptRelayQueue
001086a0 0000002c T GSPGPU_UnregisterInterruptRelayQueue
001086cc 00000048 T GSPGPU_AcquireRight
00108714 0000002c T GSPGPU_ReleaseRight
00108740 00000080 T GSPGPU_ImportDisplayCaptureInfo
001087c0 0000002c T GSPGPU_SaveVramSysArea
001087ec 0000002c T GSPGPU_RestoreVramSysArea
00108818 00000004 W _aptDebug
0010881c 00000170 T aptSendCommand
0010898c 0000003c t aptExitProcess
001089c8 00000034 T aptHook
001089fc 0000002c T aptUnhook
00108a28 0000004c T APT_InquireNotification
00108a74 00000198 t aptEventHandler
00108c0c 00000074 T APT_AppletUtility
00108c80 000000b0 T aptSetSleepAllowed
00108d30 000000b0 T APT_GlanceParameter
00108de0 000000c4 T APT_ReceiveParameter
00108ea4 000000bc t aptReceiveParameter.constprop.0
00108f60 000001e0 t aptScreenTransfer
00109140 00000210 t aptWaitForWakeUp
00109350 00000070 T APT_CancelParameter
001093c0 0000025c T aptInit
0010961c 00000088 t aptClearParamQueue
001096a4 00000208 T aptMainLoop
001098b0 0000023c T aptExit
00109aec 0000007c T APT_CheckNew3DS
00109b68 00000028 t hidCheckSectionUpdateTime.part.0
00109b90 000000d0 T hidExit
00109c60 00000210 T hidScanInput
00109e70 00000010 T hidKeysDown
00109e80 00000090 T HIDUSER_GetHandles
00109f10 000001a4 T hidInit
0010a0b4 00000074 T ptmSysmInit
0010a128 0000003c T ptmSysmExit
0010a164 00000034 T PTMSYSM_ConfigureNew3DSCPU
0010a198 00000014 T rbtree_init
0010a1ac 0000018c t do_insert
0010a338 00000008 T rbtree_insert
0010a340 00000090 T rbtree_rotate
0010a3d0 00000330 T rbtree_remove
0010a700 00000074 T rbtree_find
0010a774 00000038 W __libctru_init
0010a7ac 00000038 t __libctru_nanosleep
0010a7e4 00000030 t __ctru_get_reent
0010a814 000000fc T __system_initSyscalls
0010a910 00000104 W __system_allocateHeaps
0010aa14 000000f0 T __system_initArgv
0010ab04 T svcControlMemory
0010ab24 T svcExitProcess
0010ab2c T svcCreateThread
0010ab4c T svcExitThread
0010ab54 T svcSleepThread
0010ab5c T svcReleaseMutex
0010ab64 T svcCreateEvent
0010ab78 T svcSignalEvent
0010ab80 T svcClearEvent
0010ab88 T svcMapMemoryBlock
0010ab90 T svcUnmapMemoryBlock
0010ab98 T svcCreateAddressArbiter
0010abac T svcArbitrateAddress
0010abc4 T svcCloseHandle
0010abcc T svcWaitSynchronization
0010abd4 T svcWaitSynchronizationN
0010abfc T svcDuplicateHandle
0010ac10 T svcGetSystemTick
0010ac18 T svcGetSystemInfo
0010ac30 T svcConnectToPort
0010ac44 T svcSendSyncRequest
0010ac4c T svcBreak
0010ac54 00000024 t addrMapNodeComparator(rbtree_node const*, rbtree_node const*)
0010ac78 00000004 t addrMapNodeDestructor(rbtree_node*)
0010ac7c 000000e4 T mappableAlloc
0010ad60 00000050 T mappableFree
0010adb0 00000038 t LightLock_Unlock.part.1
0010ade8 0000000c T __sync_init
0010adf4 00000018 T __sync_fini
0010ae0c 00000010 T __sync_get_arbiter
0010ae1c 00000018 T LightLock_Init
0010ae34 0000009c T LightLock_Lock
0010aed0 00000034 T LightLock_TryLock
0010af04 00000020 T LightLock_Unlock
0010af24 00000024 T RecursiveLock_Init
0010af48 00000030 T RecursiveLock_Lock
0010af78 00000058 T RecursiveLock_TryLock
0010afd0 00000038 T RecursiveLock_Unlock
0010b008 00000038 T LightEvent_Init
0010b040 0000007c T LightEvent_Clear
0010b0bc 000000dc T LightEvent_Signal
0010b198 000000c0 T LightEvent_Wait
0010b258 00000058 T srvExit
0010b2b0 00000038 T srvRegisterClient
0010b2e8 000000c8 T srvInit
0010b3b0 00000080 T srvGetServiceHandleDirect
0010b430 00000038 T srvGetServiceHandle
0010b468 0000001c t threadFree.part.0
0010b484 00000194 T threadCreate
0010b618 00000024 T threadJoin
0010b63c 00000068 T threadExit
0010b6a4 00000048 t _thread_begin
0010b6ec 000000ac T irrstScanInput
0010b798 00000024 T irrstKeysHeld
0010b7bc 00000050 T IRRST_GetHandles
0010b80c 00000154 T irrstInit
0010b960 0000002c T IRRST_Shutdown
0010b98c 000000ac T irrstExit
0010ba38 0000000c T srvPmGetSessionHandle
0010ba44 00000078 T rbtree_node_next
0010babc 0000001c W __appInit
0010bad8 0000001c W __appExit
0010baf4 000000a0 W __libctru_exit
0010bb94 00000080 T envGetHandle
0010bc14 0000004c T envDestroyHandles
0010bc60 00000010 t sdmc_link
0010bc70 00000010 t sdmc_dirreset
0010bc80 00000010 t sdmc_chmod
0010bc90 00000024 t error_cmp
0010bcb4 00000050 t sdmc_translate_error
0010bd04 00000034 t sdmc_fsync
0010bd38 00000054 t sdmc_ftruncate
0010bd8c 000000b8 t sdmc_statvfs
0010be44 00000038 t sdmc_dirclose
0010be7c 0000012c t sdmc_dirnext
0010bfa8 00000034 t sdmc_close
0010bfdc 00000074 t sdmc_fstat
0010c050 000000d8 t sdmc_seek
0010c128 00000084 t sdmc_read
0010c1ac 000000c0 t sdmc_write
0010c26c 000001b0 t sdmc_utf16path
0010c41c 00000074 t sdmc_rmdir
0010c490 000000a4 t sdmc_diropen
0010c534 000000b0 t sdmc_chdir
0010c5e4 00000094 t sdmc_mkdir
0010c678 00000108 t sdmc_rename
0010c780 00000074 t sdmc_unlink
0010c7f4 00000108 t sdmc_stat
0010c8fc 00000198 t sdmc_open
0010ca94 00000010 t sdmc_fchmod
0010caa4 00000168 T sdmcInit
0010cc0c 00000060 T sdmcExit
0010cc6c 00000028 t fsSessionForArchive.part.0
0010cc94 000000c4 T fsInit
0010cd58 0000003c T fsExit
0010cd94 00000064 T fsExemptFromSession
0010cdf8 00000054 T fsUnexemptFromSession
0010ce4c 000000bc T FSUSER_OpenFile
0010cf08 000000a4 T FSUSER_DeleteFile
0010cfac 000000dc T FSUSER_RenameFile
0010d088 000000a4 T FSUSER_DeleteDirectory
0010d12c 000000bc T FSUSER_CreateFile
0010d1e8 000000ac T FSUSER_CreateDirectory
0010d294 000000dc T FSUSER_RenameDirectory
0010d370 000000a0 T FSUSER_OpenDirectory
0010d410 00000098 T FSUSER_OpenArchive
0010d4a8 00000070 T FSUSER_CloseArchive
0010d518 00000078 T FSUSER_GetSdmcArchiveResource
0010d590 00000064 T FSUSER_IsSdmcWritable
0010d5f4 00000058 T FSFILE_Read
0010d64c 00000064 T FSFILE_Write
0010d6b0 00000038 T FSFILE_GetSize
0010d6e8 00000028 T FSFILE_SetSize
0010d710 0000003c T FSFILE_Close
0010d74c 00000024 T FSFILE_Flush
0010d770 00000054 T FSDIR_Read
0010d7c4 0000003c T FSDIR_Close
0010d800 000000c0 T utf8_to_utf16
0010d8c0 00000138 T decode_utf8
0010d9f8 000000e8 T utf16_to_utf8
0010dae0 T __aeabi_read_tp
0010daec 00000068 T encode_utf16
0010db54 00000104 T encode_utf8
0010dc58 00000060 T decode_utf16
0010dcb8 0000002c T __aeabi_d2lz
0010dcb8 0000002c T __fixdfdi
0010dce8 00000040 T __aeabi_d2ulz
0010dce8 00000040 T __fixunsdfdi
0010dd28 00000128 T __udivmoddi4
0010de50 0000007c T bsearch
0010decc 00000020 T calloc
0010deec 00000094 T _calloc_r
0010df80 00000040 T __libc_fini_array
0010dfc0 0000007c T __libc_init_array
0010e03c 00000020 T memalign
0010e05c 0000014c T _memalign_r
0010e1a8 00000018 T malloc
0010e1c0 00000018 T free
0010e1d8 000007d8 T _malloc_r
0010e9b0 00000100 T memchr
0010eab0 00000118 T memcpy
0010ebc8 00000114 T memset
0010ecdc 0000000c T __malloc_lock
0010ece8 0000000c T __malloc_unlock
0010ecf4 00000038 T printf
0010ed2c 0000025c T setvbuf
0010ef88 00000074 T sscanf
0010effc 0000003c T __sread
0010f038 00000008 T __seofread
0010f040 00000068 T __swrite
0010f0a8 00000048 T __sseek
0010f0f0 00000008 T __sclose
0010f0f8 0000005c T strlen
0010f154 00000098 T strncat
0010f1ec 000000e0 T strncpy
0010f2cc 0000005c T strnlen
0010f328 00000048 t get_arg
0010f370 00002acc T __ssvfscanf_r
00111e3c 00000034 T __sprint_r
00111e70 00000620 t get_arg
00112490 0000373c T _vfprintf_r
00115bcc 000000d0 t __sbprintf
00115c9c 00000054 T _wcrtomb_r
00115cf0 00000020 T _wcsrtombs_r
00115d10 00000150 T __swsetup_r
00115e60 000001c8 t quorem
00116028 000012ec T _dtoa_r
00117314 00000270 T __sflush_r
00117584 00000094 T _fflush_r
00117618 00000078 t std
00117690 0000000c T _cleanup_r
0011769c 0000008c T __sinit
00117728 0000000c T __sfp_lock_acquire
00117734 0000000c T __sfp_lock_release
00117740 000000f8 T _malloc_trim_r
00117838 000002e4 T _free_r
00117b1c 000004a4 T __sfvwrite_r
00117fc0 00000080 T _fwalk_reent
00118040 00000008 T iswspace
00118048 0000000c T _localeconv_r
00118054 00000010 T __locale_mb_cur_max
00118064 00000094 T __swhatbuf_r
001180f8 000000f4 T __smakebuf_r
001181ec 00000060 T _mbrtowc_r
0011824c 000002fc T __utf8_mbtowc
00118548 00000154 T memmove
0011869c 00000088 T _Balloc
00118724 0000001c T _Bfree
00118740 000000e0 T __multadd
00118820 000000e4 T __s2b
00118904 00000058 T __hi0bits
0011895c 0000009c T __lo0bits
001189f8 00000020 T __i2b
00118a18 000001c4 T __multiply
00118bdc 00000100 T __pow5mult
00118cdc 000000f4 T __lshift
00118dd0 0000005c T __mcmp
00118e2c 00000168 T __mdiff
00118f94 00000074 T __ulp
00119008 000000d4 T __b2d
001190dc 00000100 T __d2b
001191dc 00000084 T __ratio
00119260 0000006c T __copybits
001192cc 00000078 T __any_on
00119344 00000020 T realloc
00119364 000004bc T _realloc_r
00119820 000000cc T __sccl
001198ec 0000000c T nanf
001198f8 000000a8 T frexp
001199a0 00000064 T sprintf
00119a04 00000100 T stpncpy
00119b04 00000180 T strchr
00119c84 0000010c T strncmp
00119d90 00000054 t sulp
00119de8 000013c4 T _strtod_l
0011b1ac 0000000c T _strtod_r
0011b1b8 0000025c t _strtoll_l.isra.0
0011b414 00000004 T _strtoll_r
0011b418 000001bc t _strtol_l.isra.0
0011b5d4 00000004 T _strtol_r
0011b5d8 0000025c t _strtoull_l.isra.0
0011b834 00000004 T _strtoull_r
0011b838 000001d0 t _strtoul_l.isra.0
0011ba08 00000004 T _strtoul_r
0011ba0c 00000188 T __ssprint_r
0011bb94 000000e4 T _sungetc_r
0011bc78 0000006c T __ssrefill_r
0011bce4 000000c8 T _sfread_r
0011bdac 00000620 t get_arg
0011c3d0 000035c0 T _svfprintf_r
0011f990 000000a4 T __submore
0011fa34 00000184 T _wcsnrtombs_l
0011fbb8 0000004c T _wcsnrtombs_r
0011fc04 000000e8 T __utf8_wctomb
0011fcec 00000160 T _fclose_r
0011fe4c 000000ec t rshift
0011ff38 00000828 T __gethex
00120760 00000060 T __match
001207c0 00000254 T __hexnan
00120a14 0000003c T iswspace_l
00120a50 000001e0 t __jp2uc
00120c30 00000094 T _jp2uc_l
00120cc8 00000010 T nan
00120cd8 00000084 T category
00120d5c 00000008 t null_write
00120d64 00000018 T setDefaultDevice
00120d7c 000000c8 T FindDevice
00120e44 00000028 T RemoveDevice
00120e6c 0000009c T AddDevice
00120f08 00000084 T _close_r
00120f8c 00000074 T _fstat_r
00121000 00000008 T _isatty_r
00121008 00000084 T _lseek_r
0012108c 00000080 T _read_r
0012110c 00000070 T _sbrk_r
0012117c 00000080 T _write_r
001211fc 000001cc T _concatenate_path
001213c8 0000015c T chdir
00121524 00000008 T __flockfile
0012152c 00000008 T __funlockfile
00121534 00000018 T __libc_lock_acquire
0012154c 00000018 T __libc_lock_release
00121564 00000018 T __libc_lock_init_recursive
0012157c 00000018 T __libc_lock_acquire_recursive
00121594 00000018 T __libc_lock_release_recursive
001215ac 00000018 T __libc_lock_close_recursive
001215c4 0000008c T __release_handle
00121650 00000018 T __get_handle
00121668 00000028 T __getreent
00121690 00000044 T strrchr
001216d4 T _fini
00122000 R render2d_shbin
0012218c R render2d_shbin_end
0012218c R render2d_shbin_size
00122190 R default_font_bin
00122990 R default_font_bin_end
00122990 R default_font_bin_size
00122a28 00000005 r colorFmtSizes
00122a30 00000004 r depthFmtSizes
00122a34 00000010 r CSWTCH.7
00122a44 00000030 r colorTable
00122ac8 00000070 r dotab_stdout
00122b48 00000014 r CSWTCH.56
00122b5c 00000008 r framebufferInfoSt
00122bbc 00000030 r error_table
00122c0c 00000022 r basefix.8784
00122c6c 00000010 r blanks.8755
00122c7c 00000010 r zeroes.8756
00122c8c 00000101 R _ctype_
00122da0 r .LC2
00122df0 00000028 R __mprec_bigtens
00122e18 000000c8 R __mprec_tens
00122ee0 0000000c r p05.7474
00122efc 00000014 r fpi.7554
00122f10 00000014 r fpinan.7590
00122f28 00000028 r tinytens
00122f50 0000006c R __action_table
00122fbc 00000100 R __chclass
001230bc 0000006c R __state_table
00123128 00000010 r blanks.8740
00123138 00000010 r zeroes.8741
00123148 00000100 R __hexdig
0012325c 000000bc r a1
00123318 000000bc r a2
001233d4 0000005b r a3
00123430 00000070 r a6
001234a0 000000a2 r a7
00123544 00000040 r a8
00123584 0000172a r b02cf
00124cb0 00001a7c r d02f4
0012672c 0000000c R _C_numeric_locale
00126738 0000309c r categories
001297dc 00000070 R dotab_stdnull
0012984c 00000003 R DIRECTORY_PARENT
00129850 r 
00129850 R __exidx_end
00129850 R __exidx_start
0012a000 W __stacksize__
0012a004 00000004 d framerate
0012a008 00000008 d framerateCounter
0012a010 00000004 D currentConsole
0012a014 0000004c D defaultConsole
0012a060 00000001 d firstConsoleInit.8423
0012a061 00000001 d botFormat
0012a064 00000008 d doubleBuf
0012a06c 00000001 d topFormat
0012a070 00000004 d queueLock
0012a074 00000004 d gspLastEvent
0012a078 00000004 d aptFlags
0012a07c 00000004 V __ctru_linear_heap_size
0012a080 00000401 d __cwd
0012a484 00000070 d sdmc_devoptab
0012a4f4 00000004 D _impure_ptr
0012a4f8 00000460 d impure_data
0012a958 00000408 D __malloc_av_
0012ad60 00000004 D __malloc_sbrk_base
0012ad64 00000004 D __malloc_trim_threshold
0012ad68 0000000c d __malloc_recursive_mutex
0012ad74 0000000c d __sfp_recursive_mutex
0012ad80 0000000c d __sinit_recursive_mutex
0012ad8c 0000016c D __global_locale
0012aef8 00000002 d numempty
0012aefc 00000004 d defaultDevice
0012af00 0000008c D devoptab_list
0012af8c 00000400 d _current_working_directory
0012b38c 00000004 d __hndl_lock
0012b390 0000000c d __stderr_handle
0012b39c 0000000c d __stdin_handle
0012b3a8 0000000c d __stdout_handle
0012b3b4 00001000 d handles
0012c3b4 t __frame_dummy_init_array_entry
0012c3b4 T __init_array_start
0012c3b4 B __preinit_array_end
0012c3b4 B __preinit_array_start
0012c3b4 D __tdata_lma
0012c3b4 D __tdata_lma_end
0012c3b4 D __TMC_END__
0012c3b4 d __TMC_LIST__
0012c3b8 t __do_global_dtors_aux_fini_array_entry
0012c3b8 T __fini_array_start
0012c3b8 T __init_array_end
0012c3bc T __bss_start__
0012c3bc T __fini_array_end
0012c3bc b saved_stack
0012c3c4 b completed.10351
0012c3c8 b object.10356
0012c3e0 00000040 b s_projBot
0012c420 00000040 b s_projTop
0012c460 00000004 b uLoc_mdlvMtx
0012c464 00000004 b uLoc_projMtx
0012c468 0000000c b hookCookie
0012c478 00000010 b cpuTime
0012c488 00000004 b firstTarget
0012c48c 00000008 b frameCounter
0012c494 00000004 b frameEndCb
0012c498 00000004 b frameEndCbData
0012c49c 00000001 b frameStage
0012c4a0 00000010 b gpuTime
0012c4b0 00000001 b inFrame
0012c4b1 00000001 b inSafeTransfer
0012c4b2 00000001 b initialized
0012c4b4 00000004 b lastTarget
0012c4b8 0000000c b linkedTarget
0012c4c4 00000001 b measureGpuTime
0012c4c8 000000c0 b C3Di_FVUnifEverDirty
0012c588 00000008 b C3Di_IVUnifEverDirty
0012c590 00000018 b C3Di_ShaderFVecData
0012c5a8 0000000c b sAddrMap
0012c5b4 00000008 b sVramPool
0012c5bc 00000008 b sLinearPool
0012c5c4 0000000c b sAddrMap
0012c5d0 00000001 V __ctru_speedup
0012c5d4 00000002 b currentBuffer
0012c5d6 00000001 b enable3d
0012c5d8 00000004 b screenAlloc
0012c5dc 00000004 b screenFree
0012c5e0 00000004 b boundQueue
0012c5e4 00000004 b curQueue
0012c5e8 00000001 b isActive
0012c5e9 00000001 b isRunning
0012c5ea 00000001 b shouldStop
0012c5ec 00000004 b gspEvent
0012c5f0 0000001c b gspEventCb
0012c60c 0000001c b gspEventCbData
0012c628 00000007 b gspEventCbOneShot
0012c630 0000001c b gspEventCounts
0012c64c 00000004 b gspEventData
0012c650 00000004 b gspEventThread
0012c654 00000038 b gspEvents
0012c68c 00000004 b gspRefCount
0012c690 00000001 b gspRunEvents
0012c691 00000001 b aptChainloadMediatype
0012c698 00000008 b aptChainloadTid
0012c6a0 00000004 b aptEventHandlerThread
0012c6a4 0000000c b aptEvents
0012c6b0 0000000c b aptFirstHook
0012c6bc 00000001 b aptHomeButtonState
0012c6c0 00000004 b aptLockHandle
0012c6c4 00000004 b aptMessageFunc
0012c6c8 00000004 b aptMessageFuncData
0012c6cc 00001000 b aptParameters
0012d6cc 00000004 b aptRefCount
0012d6d0 00000008 b aptSleepEvent
0012d6d8 00000001 b flagInit.8274
0012d6d9 00000001 b flagValue.8275
0012d6dc 00000004 b serviceName.7913
0012d6e0 00000006 b aVec
0012d6e8 00000004 b cPos
0012d6ec 00000006 b gRate
0012d6f4 00000004 b hidRefCount
0012d6f8 00000004 b kDown
0012d6fc 00000004 b kHeld
0012d700 00000004 b kOld
0012d704 00000004 b kUp
0012d708 00000004 b tPos
0012d70c 00000004 b ptmSysmHandle
0012d710 00000004 b ptmSysmRefCount
0012d714 00000004 V __ctru_heap_size
0012d718 00000008 b sMappablePool
0012d720 0000000c b sAddrMap
0012d72c 00000004 b arbiter
0012d730 00000004 b srvHandle
0012d734 00000004 b srvRefCount
0012d738 00000004 b csPos
0012d73c 00000004 b irrstRefCount
0012d740 00000004 b kHeld
0012d744 00000004 b srvPmHandle
0012d748 00000008 b sdmcArchive
0012d750 00000001 b sdmcInitialised
0012d758 00000080 b fsExemptArchives
0012d7d8 00000004 b fsuHandle
0012d7dc 00000004 b fsuRefCount
0012d7e0 00000028 B __malloc_current_mallinfo
0012d808 00000004 B __malloc_max_sbrked_mem
0012d80c 00000004 B __malloc_max_total_mem
0012d810 00000004 B __malloc_top_pad
0012d814 00000004 b heap_start.7414
0012d818 00000004 B fake_heap_end
0012d81c 00000004 B fake_heap_start
0012d820 00000400 b temp_cwd
0012dc20 00000048 B __syscalls
0012dc68 000005a0 B __C2Di_Context
0012e208 000002d0 B __C3D_Context
0012e4d8 00000020 B C3D_IVUnif
0012e4f8 000000c0 B C3D_FVUnifDirty
0012e5b8 00000002 B C3D_BoolUnifsDirty
0012e5bc 00000008 B C3D_IVUnifDirty
0012e5c4 00000004 B C3D_BoolUnifs
0012e5c8 00000c00 B C3D_FVUnif
0012f1c8 0000004c B currentCopy
0012f214 00000008 B gfxBottomFramebuffers
0012f21c 00000004 B gspSharedMemHandle
0012f220 0000001c B bottomFramebufferInfo
0012f23c 00000004 B gspEvent
0012f240 00000008 B gfxTopLeftFramebuffers
0012f248 00000008 B gfxTopRightFramebuffers
0012f250 0000001c B topFramebufferInfo
0012f26c 00000001 B gfxThreadID
0012f270 00000004 B gfxSharedMemory
0012f274 00000004 B gfxTopFramebufferMaxSize
0012f278 00000004 B gfxBottomFramebufferMaxSize
0012f27c 00000004 B gxCmdBuf
0012f280 00000004 B gpuCmdBuf
0012f284 00000004 B gpuCmdBufOffset
0012f288 00000004 B gpuCmdBufSize
0012f28c 00000004 B gspGpuHandle
0012f290 00000004 B hidMemHandle
0012f294 00000004 B hidHandle
0012f298 00000004 B hidSharedMem
0012f29c 00000014 B hidEvents
0012f2b0 00000004 B __system_retAddr
0012f2b4 00000004 B __ctru_linear_heap
0012f2b8 00000004 B __ctru_heap
0012f2bc 00000004 B __system_argv
0012f2c0 00000004 B __system_argc
0012f2c4 00000004 B irrstHandle
0012f2c8 00000004 B irrstEvent
0012f2cc 00000004 B irrstMemHandle
0012f2d0 00000004 B irrstSharedMem
0012f2d4 B __tls_start
001306e0 B __bss_end__
001306e0 A __end__
001306e0 B __tls_end
