         w __deregister_frame_info
         w __gnu_Unwind_Find_exidx
         w __register_frame_info
         w _ITM_deregisterTMCloneTable
         w _ITM_registerTMCloneTable
00000000 b .LANCHOR1
00000000 00000401 b __fixedpath
00000000 b _TLS_MODULE_BASE_
00000000 a shift
00000000 a shift
00000404 b .LANCHOR3
00000404 00000802 b __utf16path
00000c08 b .LANCHOR5
00000c08 00000802 b __utf16path_old.8577
00100000 A __start__
00100000 T _start
00100008 T __service_ptr
0010000c T __apt_appid
00100010 T __heap_size
00100014 T __linear_heap_size
00100018 T __system_arglist
0010001c T __system_runflags
00100020 t startup
00100058 t ClearMem
0010006c t ClrLoop
00100094 T _init
001000ac T initSystem
001000f0 T __ctru_exit
00100110 T __aeabi_idiv
00100110 00000220 T __divsi3
00100118 t .divsi3_skip_div0_test
00100330 00000020 T __aeabi_idivmod
00100350 00000004 W __aeabi_idiv0
00100350 00000004 W __aeabi_ldiv0
00100354 T __aeabi_drsub
0010035c 000002b0 T __aeabi_dsub
0010035c 000002b0 T __subdf3
00100360 000002ac T __adddf3
00100360 000002ac T __aeabi_dadd
0010060c 00000024 T __aeabi_ui2d
0010060c 00000024 T __floatunsidf
00100630 00000028 T __aeabi_i2d
00100630 00000028 T __floatsidf
00100658 00000048 T __aeabi_f2d
00100658 00000048 T __extendsfdf2
001006a0 00000074 T __aeabi_ul2d
001006a0 00000074 T __floatundidf
001006b4 00000060 T __aeabi_l2d
001006b4 00000060 T __floatdidf
00100714 T __aeabi_uldivmod
00100750 00000014 T __restore_core_regs
00100750 00000014 T restore_core_regs
00100764 T __gnu_Unwind_Restore_VFP
0010076c T __gnu_Unwind_Save_VFP
00100774 T __gnu_Unwind_Restore_VFP_D
0010077c T __gnu_Unwind_Save_VFP_D
00100784 T __gnu_Unwind_Restore_VFP_D_16_to_31
0010078c T __gnu_Unwind_Save_VFP_D_16_to_31
00100794 T __gnu_Unwind_Restore_WMMXD
001007d8 T __gnu_Unwind_Save_WMMXD
0010081c T __gnu_Unwind_Restore_WMMXC
00100830 T __gnu_Unwind_Save_WMMXC
00100844 00000024 T ___Unwind_RaiseException
00100844 00000024 T _Unwind_RaiseException
00100868 00000024 T ___Unwind_Resume
00100868 00000024 T _Unwind_Resume
0010088c 00000024 T ___Unwind_Resume_or_Rethrow
0010088c 00000024 T _Unwind_Resume_or_Rethrow
001008b0 00000024 T ___Unwind_ForcedUnwind
001008b0 00000024 T _Unwind_ForcedUnwind
001008d4 00000024 T ___Unwind_Backtrace
001008d4 00000024 T _Unwind_Backtrace
00100908 00000390 T strcmp
00100c90 t .udivsi3_skip_div0_test
00100c90 T __aeabi_uidiv
00100c90 000001ec T __udivsi3
00100e7c 00000020 T __aeabi_uidivmod
00100e9c t deregister_tm_clones
00100ec8 t register_tm_clones
00100f00 t __do_global_dtors_aux
00100f44 t frame_dummy
00100f78 0000004c W std::vector<std::vector<int, std::allocator<int> >, std::allocator<std::vector<int, std::allocator<int> > > >::~vector()
00100f78 0000004c W std::vector<std::vector<int, std::allocator<int> >, std::allocator<std::vector<int, std::allocator<int> > > >::~vector()
00100fc4 000000a0 T canMove()
00101064 0000001c T InitAllStuff()
00101080 0000008c T DrawBoard()
0010110c 00000138 T DrawL(int, int)
00101244 00000064 T printMatrixStatus()
001012a8 000001c0 T main
00101468 00000100 W std::vector<std::vector<int, std::allocator<int> >, std::allocator<std::vector<int, std::allocator<int> > > >::vector(unsigned int, std::vector<int, std::allocator<int> > const&, std::allocator<std::vector<int, std::allocator<int> > > const&)
00101468 00000100 W std::vector<std::vector<int, std::allocator<int> >, std::allocator<std::vector<int, std::allocator<int> > > >::vector(unsigned int, std::vector<int, std::allocator<int> > const&, std::allocator<std::vector<int, std::allocator<int> > > const&)
00101568 00000100 t _GLOBAL__sub_I_gameTable
00101668 0000032c T C2D_Init
00101994 00000048 T C2D_Fini
001019dc 000000c8 T C2D_Prepare
00101aa4 0000010c T C2D_SceneSize
00101bb0 00000044 T C2D_CreateScreenTarget
00101bf4 00000030 T C2Di_FlushVtxBuf
00101c24 00000020 t C2Di_FrameEndHook
00101c44 00000018 T C2D_Flush
00101c5c 00000030 T C2D_TargetClear
00101c8c 00000218 T C2Di_Update
00101ea4 000001c0 T C2D_DrawRectangle
00102064 000000c4 t C3Di_SplitFrame.part.1
00102128 00000004 W C3Di_LightEnvUpdate
0010212c 00000004 W C3Di_LightEnvDirty
00102130 000000ac t C3Di_AptEventHook
001021dc 00000004 W C3Di_GasUpdate
001021e0 0000021c T C3D_Init
001023fc 00000098 T C3D_SetViewport
00102494 0000050c T C3Di_UpdateContext
001029a0 00000020 T C3Di_SplitFrame
001029c0 00000064 T C3D_Fini
00102a24 00000114 T C3D_BindProgram
00102b38 00000054 t C3Di_RenderQueueInit
00102b8c 00000080 t C3Di_RenderTargetDestroy
00102c0c 000000ac t onVBlank1
00102cb8 0000013c t onVBlank0
00102df4 0000000c t C3Di_RenderTargetNew
00102e00 0000007c t C3Di_WaitAndClearQueue
00102e7c 000000c0 t onQueueFinish
00102f3c 00000044 t C3D_FrameSplit.part.6
00102f80 00000030 T C3D_FrameSync
00102fb0 000000a0 T C3Di_RenderQueueExit
00103050 00000020 T C3Di_RenderQueueWaitDone
00103070 0000007c T C3D_FrameBegin
001030ec 00000048 T C3D_FrameDrawOn
00103134 00000018 T C3D_FrameSplit
0010314c 00000164 T C3D_FrameEnd
001032b0 0000001c T C3D_FrameEndHook
001032cc 0000017c T C3D_RenderTargetCreate
00103448 0000004c T C3D_RenderTargetSetOutput
00103494 00000048 T C3D_TexBind
001034dc 00000174 T C3Di_SetTex
00103650 0000001c T C3D_CalcColorBufSize
0010366c 0000001c T C3D_CalcDepthBufSize
00103688 00000044 T C3D_SetFrameBuf
001036cc 00000168 T C3Di_FrameBufBind
00103834 000000c8 T C3D_FrameBufClear
001038fc 00000048 T C3D_FrameBufTransfer
00103944 00000034 T C3D_GetTexEnv
00103978 00000024 T C3Di_TexEnvBind
0010399c 0000006c T C3D_ProcTexInit
00103a08 00000050 T C3D_ProcTexBind
00103a58 00000060 T C3D_ProcTexLutBind
00103ab8 000000a4 T ProcTexLut_FromArray
00103b5c 00000174 T C3Di_ProcTexUpdate
00103cd0 00000068 T C3Di_ProcTexDirty
00103d38 00000024 T BufInfo_Init
00103d5c 00000084 T BufInfo_Add
00103de0 00000040 T C3D_SetBufInfo
00103e20 00000048 T C3Di_BufInfoBind
00103e68 00000148 T C3D_DrawArrays
00103fb0 00000040 T C3D_DepthMap
00103ff0 0000001c T C3D_CullFace
0010400c 00000040 T C3D_StencilTest
0010404c 00000024 T C3D_StencilOp
00104070 0000001c T C3D_BlendingColor
0010408c 00000024 T C3D_EarlyDepthTest
001040b0 0000002c T C3D_DepthTest
001040dc 0000002c T C3D_AlphaTest
00104108 00000050 T C3D_AlphaBlend
00104158 00000030 T C3D_FragOpMode
00104188 00000044 T C3D_FragOpShadow
001041cc 000001ac T C3Di_EffectBind
00104378 00000028 T AttrInfo_Init
001043a0 000000a0 T AttrInfo_AddLoader
00104440 00000054 T C3D_SetAttrInfo
00104494 00000080 T C3Di_AttrInfoBind
00104514 000000a4 T C3D_ImmSendAttrib
001045b8 000002b8 T C3D_UpdateUniforms
00104870 000000c0 T C3Di_DirtyUniforms
00104930 000000e0 T C3Di_LoadShaderUniforms
00104a10 00000028 T C3Di_ClearShaderUniforms
00104a38 000000cc T Mtx_Ortho
00104b04 000000cc T Mtx_OrthoTilt
00104bd0 00000024 t addrMapNodeComparator(rbtree_node const*, rbtree_node const*)
00104bf4 00000004 t addrMapNodeDestructor(rbtree_node*)
00104bf8 00000110 T vramMemAlign
00104d08 00000008 T vramAlloc
00104d10 00000050 T vramFree
00104d60 00000024 t addrMapNodeComparator(rbtree_node const*, rbtree_node const*)
00104d84 00000004 t addrMapNodeDestructor(rbtree_node*)
00104d88 0000011c T linearMemAlign
00104ea4 00000008 T linearAlloc
00104eac 00000050 T linearFree
00104efc 00000090 T MemPool::CoalesceRight(MemBlock*)
00104f8c 00000174 T MemPool::Allocate(MemChunk&, unsigned long, int)
00105100 000000fc T MemPool::Deallocate(MemChunk const&)
001051fc 00000058 t getSysTime
00105254 00000028 t __ctru_speedup_config.part.0
0010527c 0000004c T osConvertVirtToPhys
001052c8 00000024 T osGetMemRegionUsed
001052f0 00000128 T __libctru_gtod
00105418 00000078 T osGetTime
00105490 00000018 T __ctru_speedup_config
001054a8 000001b8 T consoleDrawChar
00105660 00000124 T consolePrintChar
00105784 00000164 t consoleCls
001058e8 00000104 T consoleInit
001059ec 00000114 t consoleClearLine
00105b00 000000c4 t newRow
00105bc4 000007b8 T con_write
0010637c 0000008c t gfxSetFramebufferInfo.part.0
00106408 0000006c t gfxSetFramebufferInfo
00106474 00000058 t gfxGetFramebuffer.part.1
001064cc 00000010 T gfxIs3D
001064dc 00000018 T __get_bytes_per_pixel
001064f4 00000184 T gfxSetScreenFormat
00106678 00000010 T gfxSetDoubleBuffering
00106688 00000210 T gfxInit
00106898 00000010 T gfxInitDefault
001068a8 000000e0 T gfxExit
00106988 00000060 T gfxGetFramebuffer
001069e8 000000cc T gfxFlushBuffers
00106ab4 000000f8 T gfxConfigScreen
00106bac 00000020 T gfxSwapBuffersGpu
00106bcc 000001ec T shaderInstanceInit
00106db8 00000034 T shaderInstanceFree
00106dec 00000018 T shaderInstanceGetUniformLocation
00106e04 00000018 T shaderProgramInit
00106e1c 0000002c T shaderProgramFree
00106e48 0000006c T shaderProgramSetVsh
00106eb4 000008d4 T shaderProgramConfigure
00107788 000001f8 t DVLE_GenerateOutmap.part.0
00107980 000001cc T DVLB_ParseFile
00107b4c 00000038 T DVLB_Free
00107b84 00000078 T DVLE_GetUniformRegister
00107bfc 00000038 t submitGxCommand
00107c34 00000010 T GX_BindQueue
00107c44 00000050 T GX_ProcessCommandList
00107c94 00000054 T GX_MemoryFill
00107ce8 00000048 T GX_DisplayTransfer
00107d30 00000074 t gxCmdQueueDoCommands.part.0
00107da4 000000c8 T gxCmdQueueInterrupt
00107e6c 0000004c T gxCmdQueueClear
00107eb8 000000f8 T gxCmdQueueAdd
00107fb0 00000080 T gxCmdQueueRun
00108030 00000060 T gxCmdQueueStop
00108090 00000084 T gxCmdQueueWait
00108114 00000138 T GPUCMD_Add
0010824c 000000b0 T GPUCMD_Split
001082fc 00000034 T f32tof16
00108330 00000034 T f32tof24
00108364 00000038 T f32tof31
0010839c 00000074 T gspInit
00108410 0000003c T gspExit
0010844c 00000034 T gspSetEventCallback
00108480 000000a0 T gspInitEventHandler
00108520 00000040 T gspExitEventHandler
00108560 00000044 T gspWaitForEvent
001085a4 00000064 T gspWaitForAnyEvent
00108608 00000178 t gspEventThreadMain
00108780 00000120 T gspSubmitGxCommand
001088a0 0000006c T GSPGPU_SetBufferSwap
0010890c 0000004c T GSPGPU_FlushDataCache
00108958 00000034 T GSPGPU_SetLcdForceBlack
0010898c 00000064 T GSPGPU_RegisterInterruptRelayQueue
001089f0 0000002c T GSPGPU_UnregisterInterruptRelayQueue
00108a1c 00000048 T GSPGPU_AcquireRight
00108a64 0000002c T GSPGPU_ReleaseRight
00108a90 00000080 T GSPGPU_ImportDisplayCaptureInfo
00108b10 0000002c T GSPGPU_SaveVramSysArea
00108b3c 0000002c T GSPGPU_RestoreVramSysArea
00108b68 00000004 W _aptDebug
00108b6c 00000170 T aptSendCommand
00108cdc 0000003c t aptExitProcess
00108d18 00000034 T aptHook
00108d4c 0000002c T aptUnhook
00108d78 0000004c T APT_InquireNotification
00108dc4 00000198 t aptEventHandler
00108f5c 00000074 T APT_AppletUtility
00108fd0 000000b0 T aptSetSleepAllowed
00109080 000000b0 T APT_GlanceParameter
00109130 000000c4 T APT_ReceiveParameter
001091f4 000000bc t aptReceiveParameter.constprop.0
001092b0 000001e0 t aptScreenTransfer
00109490 00000210 t aptWaitForWakeUp
001096a0 00000070 T APT_CancelParameter
00109710 0000025c T aptInit
0010996c 00000088 t aptClearParamQueue
001099f4 00000208 T aptMainLoop
00109c00 0000023c T aptExit
00109e3c 0000007c T APT_CheckNew3DS
00109eb8 00000028 t hidCheckSectionUpdateTime.part.0
00109ee0 000000d0 T hidExit
00109fb0 00000210 T hidScanInput
0010a1c0 00000010 T hidKeysDown
0010a1d0 00000090 T HIDUSER_GetHandles
0010a260 000001a4 T hidInit
0010a404 00000074 T ptmSysmInit
0010a478 0000003c T ptmSysmExit
0010a4b4 00000034 T PTMSYSM_ConfigureNew3DSCPU
0010a4e8 00000014 T rbtree_init
0010a4fc 0000018c t do_insert
0010a688 00000008 T rbtree_insert
0010a690 00000090 T rbtree_rotate
0010a720 00000330 T rbtree_remove
0010aa50 00000074 T rbtree_find
0010aac4 00000038 W __libctru_init
0010aafc 00000038 t __libctru_nanosleep
0010ab34 00000030 t __ctru_get_reent
0010ab64 000000fc T __system_initSyscalls
0010ac60 00000104 W __system_allocateHeaps
0010ad64 000000f0 T __system_initArgv
0010ae54 T svcControlMemory
0010ae74 T svcExitProcess
0010ae7c T svcCreateThread
0010ae9c T svcExitThread
0010aea4 T svcSleepThread
0010aeac T svcReleaseMutex
0010aeb4 T svcCreateEvent
0010aec8 T svcSignalEvent
0010aed0 T svcClearEvent
0010aed8 T svcMapMemoryBlock
0010aee0 T svcUnmapMemoryBlock
0010aee8 T svcCreateAddressArbiter
0010aefc T svcArbitrateAddress
0010af14 T svcCloseHandle
0010af1c T svcWaitSynchronization
0010af24 T svcWaitSynchronizationN
0010af4c T svcDuplicateHandle
0010af60 T svcGetSystemTick
0010af68 T svcGetSystemInfo
0010af80 T svcConnectToPort
0010af94 T svcSendSyncRequest
0010af9c T svcBreak
0010afa4 00000024 t addrMapNodeComparator(rbtree_node const*, rbtree_node const*)
0010afc8 00000004 t addrMapNodeDestructor(rbtree_node*)
0010afcc 000000e4 T mappableAlloc
0010b0b0 00000050 T mappableFree
0010b100 00000038 t LightLock_Unlock.part.1
0010b138 0000000c T __sync_init
0010b144 00000018 T __sync_fini
0010b15c 00000010 T __sync_get_arbiter
0010b16c 00000018 T LightLock_Init
0010b184 0000009c T LightLock_Lock
0010b220 00000034 T LightLock_TryLock
0010b254 00000020 T LightLock_Unlock
0010b274 00000024 T RecursiveLock_Init
0010b298 00000030 T RecursiveLock_Lock
0010b2c8 00000058 T RecursiveLock_TryLock
0010b320 00000038 T RecursiveLock_Unlock
0010b358 00000038 T LightEvent_Init
0010b390 0000007c T LightEvent_Clear
0010b40c 000000dc T LightEvent_Signal
0010b4e8 000000c0 T LightEvent_Wait
0010b5a8 00000058 T srvExit
0010b600 00000038 T srvRegisterClient
0010b638 000000c8 T srvInit
0010b700 00000080 T srvGetServiceHandleDirect
0010b780 00000038 T srvGetServiceHandle
0010b7b8 0000001c t threadFree.part.0
0010b7d4 00000194 T threadCreate
0010b968 00000024 T threadJoin
0010b98c 00000068 T threadExit
0010b9f4 00000048 t _thread_begin
0010ba3c 000000ac T irrstScanInput
0010bae8 00000024 T irrstKeysHeld
0010bb0c 00000050 T IRRST_GetHandles
0010bb5c 00000154 T irrstInit
0010bcb0 0000002c T IRRST_Shutdown
0010bcdc 000000ac T irrstExit
0010bd88 0000000c T srvPmGetSessionHandle
0010bd94 00000078 T rbtree_node_next
0010be0c 0000001c W __appInit
0010be28 0000001c W __appExit
0010be44 000000a0 W __libctru_exit
0010bee4 00000080 T envGetHandle
0010bf64 0000004c T envDestroyHandles
0010bfb0 00000010 t sdmc_link
0010bfc0 00000010 t sdmc_dirreset
0010bfd0 00000010 t sdmc_chmod
0010bfe0 00000024 t error_cmp
0010c004 00000050 t sdmc_translate_error
0010c054 00000034 t sdmc_fsync
0010c088 00000054 t sdmc_ftruncate
0010c0dc 000000b8 t sdmc_statvfs
0010c194 00000038 t sdmc_dirclose
0010c1cc 0000012c t sdmc_dirnext
0010c2f8 00000034 t sdmc_close
0010c32c 00000074 t sdmc_fstat
0010c3a0 000000d8 t sdmc_seek
0010c478 00000084 t sdmc_read
0010c4fc 000000c0 t sdmc_write
0010c5bc 000001b0 t sdmc_utf16path
0010c76c 00000074 t sdmc_rmdir
0010c7e0 000000a4 t sdmc_diropen
0010c884 000000b0 t sdmc_chdir
0010c934 00000094 t sdmc_mkdir
0010c9c8 00000108 t sdmc_rename
0010cad0 00000074 t sdmc_unlink
0010cb44 00000108 t sdmc_stat
0010cc4c 00000198 t sdmc_open
0010cde4 00000010 t sdmc_fchmod
0010cdf4 00000168 T sdmcInit
0010cf5c 00000060 T sdmcExit
0010cfbc 00000028 t fsSessionForArchive.part.0
0010cfe4 000000c4 T fsInit
0010d0a8 0000003c T fsExit
0010d0e4 00000064 T fsExemptFromSession
0010d148 00000054 T fsUnexemptFromSession
0010d19c 000000bc T FSUSER_OpenFile
0010d258 000000a4 T FSUSER_DeleteFile
0010d2fc 000000dc T FSUSER_RenameFile
0010d3d8 000000a4 T FSUSER_DeleteDirectory
0010d47c 000000bc T FSUSER_CreateFile
0010d538 000000ac T FSUSER_CreateDirectory
0010d5e4 000000dc T FSUSER_RenameDirectory
0010d6c0 000000a0 T FSUSER_OpenDirectory
0010d760 00000098 T FSUSER_OpenArchive
0010d7f8 00000070 T FSUSER_CloseArchive
0010d868 00000078 T FSUSER_GetSdmcArchiveResource
0010d8e0 00000064 T FSUSER_IsSdmcWritable
0010d944 00000058 T FSFILE_Read
0010d99c 00000064 T FSFILE_Write
0010da00 00000038 T FSFILE_GetSize
0010da38 00000028 T FSFILE_SetSize
0010da60 0000003c T FSFILE_Close
0010da9c 00000024 T FSFILE_Flush
0010dac0 00000054 T FSDIR_Read
0010db14 0000003c T FSDIR_Close
0010db50 000000c0 T utf8_to_utf16
0010dc10 00000138 T decode_utf8
0010dd48 000000e8 T utf16_to_utf8
0010de30 T __aeabi_read_tp
0010de3c 00000068 T encode_utf16
0010dea4 00000104 T encode_utf8
0010dfa8 00000060 T decode_utf16
0010e008 00000010 T __aeabi_atexit
0010e018 00000058 T operator new(unsigned int)
0010e070 0000000c T std::bad_alloc::what() const
0010e07c 00000020 T std::bad_alloc::~bad_alloc()
0010e07c 00000020 T std::bad_alloc::~bad_alloc()
0010e09c 0000002c T std::bad_alloc::~bad_alloc()
0010e0c8 00000014 T std::get_new_handler()
0010e0dc 00000004 T std::exception::~exception()
0010e0dc 00000004 T std::exception::~exception()
0010e0e0 00000004 T std::bad_exception::~bad_exception()
0010e0e0 00000004 T std::bad_exception::~bad_exception()
0010e0e4 0000000c T transaction clone for std::bad_exception::what() const
0010e0e4 0000000c T std::bad_exception::what() const
0010e0f0 00000018 T std::bad_exception::~bad_exception()
0010e108 00000004 T operator delete(void*, unsigned int)
0010e10c 00000060 t __gxx_exception_cleanup(_Unwind_Reason_Code, _Unwind_Control_Block*)
0010e16c 00000070 T __cxa_init_primary_exception
0010e1dc 00000054 T __cxa_throw
0010e230 000000b0 T __cxa_rethrow
0010e2e0 000000cc T __cxa_begin_catch
0010e3ac 000000e0 T __cxa_end_catch
0010e48c 000000ec t (anonymous namespace)::pool::free(void*) [clone .constprop.4]
0010e578 000000b4 t (anonymous namespace)::pool::allocate(unsigned int) [clone .constprop.5]
0010e62c 00000044 T __cxa_allocate_exception
0010e670 00000030 T __cxa_free_exception
0010e6a0 00000040 t _GLOBAL__sub_I__ZN9__gnu_cxx9__freeresEv
0010e6e0 00000004 T operator delete(void*)
0010e6e4 00000020 T __cxxabiv1::__si_class_type_info::~__si_class_type_info()
0010e6e4 00000020 T __cxxabiv1::__si_class_type_info::~__si_class_type_info()
0010e704 0000002c T __cxxabiv1::__si_class_type_info::~__si_class_type_info()
0010e730 0000006c T __cxxabiv1::__si_class_type_info::__do_find_public_src(int, void const*, __cxxabiv1::__class_type_info const*, void const*) const
0010e79c 000000dc T __cxxabiv1::__si_class_type_info::__do_dyncast(int, __cxxabiv1::__class_type_info::__sub_kind, __cxxabiv1::__class_type_info const*, void const*, __cxxabiv1::__class_type_info const*, void const*, __cxxabiv1::__class_type_info::__dyncast_result&) const
0010e878 00000044 T __cxxabiv1::__si_class_type_info::__do_upcast(__cxxabiv1::__class_type_info const*, void const*, __cxxabiv1::__class_type_info::__upcast_result&) const
0010e8bc 0000002c T std::__throw_bad_alloc()
0010e8e8 T __cxa_end_cleanup
0010e8f8 00000138 T __cxa_type_match
0010ea30 000000b4 T __cxa_begin_cleanup
0010eae4 000000b4 T __gnu_end_cleanup
0010eb98 0000000c T __cxa_get_globals_fast
0010eba4 0000000c T __cxa_get_globals
0010ebb0 00000034 T __cxxabiv1::__terminate(void (*)())
0010ebe4 00000018 T std::terminate()
0010ebfc 0000000c T __cxxabiv1::__unexpected(void (*)())
0010ec08 00000018 T std::unexpected()
0010ec20 00000014 T std::get_terminate()
0010ec34 00000014 T std::get_unexpected()
0010ec48 00000004 T std::type_info::~type_info()
0010ec48 00000004 T std::type_info::~type_info()
0010ec4c 00000008 T std::type_info::__is_pointer_p() const
0010ec4c 00000008 T std::type_info::__is_function_p() const
0010ec54 0000004c T std::type_info::operator==(std::type_info const&) const
0010eca0 00000168 t read_encoded_value_with_base(unsigned char, unsigned int, unsigned char const*, unsigned int*)
0010ee08 00000068 t base_of_encoded_value(unsigned char, _Unwind_Context*)
0010ee70 000000d8 t parse_lsda_header(_Unwind_Context*, unsigned char const*, lsda_header_info*)
0010ef48 000006f4 T __gxx_personality_v0
0010f63c 0000005c T __cxxabiv1::__class_type_info::__do_upcast(__cxxabiv1::__class_type_info const*, void**) const
0010f698 00000014 T __cxxabiv1::__class_type_info::__do_find_public_src(int, void const*, __cxxabiv1::__class_type_info const*, void const*) const
0010f6ac 00000020 T __cxxabiv1::__class_type_info::~__class_type_info()
0010f6ac 00000020 T __cxxabiv1::__class_type_info::~__class_type_info()
0010f6cc 0000002c T __cxxabiv1::__class_type_info::~__class_type_info()
0010f6f8 00000068 T __cxxabiv1::__class_type_info::__do_dyncast(int, __cxxabiv1::__class_type_info::__sub_kind, __cxxabiv1::__class_type_info const*, void const*, __cxxabiv1::__class_type_info const*, void const*, __cxxabiv1::__class_type_info::__dyncast_result&) const
0010f760 0000002c T __cxxabiv1::__class_type_info::__do_upcast(__cxxabiv1::__class_type_info const*, void const*, __cxxabiv1::__class_type_info::__upcast_result&) const
0010f78c 00000044 T __cxxabiv1::__class_type_info::__do_catch(std::type_info const*, void**, unsigned int) const
0010f7d0 00000070 t __cxxabiv1::__is_gxx_exception_class(char*)
0010f840 0000002c T __cxa_call_terminate
0010f86c 00000158 T __cxa_call_unexpected
0010f9c4 0000002c T __aeabi_d2lz
0010f9c4 0000002c T __fixdfdi
0010f9f0 00000040 T __aeabi_d2ulz
0010f9f0 00000040 T __fixunsdfdi
0010fa30 00000128 T __udivmoddi4
0010fb58 00000018 t selfrel_offset31
0010fb70 00000094 t search_EIT_table
0010fc04 00000040 t __gnu_unwind_get_pr_addr
0010fc44 0000011c t get_eit_entry
0010fd60 00000088 t restore_non_core_regs
0010fde8 00000014 t _Unwind_decode_typeinfo_ptr.isra.0
0010fdfc 00000004 t _Unwind_DebugHook
0010fe00 00000064 t unwind_phase2
0010fe64 0000014c t unwind_phase2_forced
0010ffb0 000000a4 T __gnu_Unwind_RaiseException
00110054 00000024 T __gnu_Unwind_ForcedUnwind
00110078 00000074 T __gnu_Unwind_Resume
001100ec 00000020 T __gnu_Unwind_Resume_or_Rethrow
0011010c 00000004 T _Unwind_Complete
00110110 00000018 T _Unwind_DeleteException
00110128 00000054 T _Unwind_VRS_Get
0011017c 0000002c t _Unwind_GetGR
001101a8 00000054 T _Unwind_VRS_Set
001101fc 0000002c t _Unwind_SetGR
00110228 000000c0 T __gnu_Unwind_Backtrace
001102e8 00000448 t __gnu_unwind_pr_common
00110730 00000008 T __aeabi_unwind_cpp_pr0
00110738 00000008 W __aeabi_unwind_cpp_pr1
00110740 00000008 W __aeabi_unwind_cpp_pr2
00110748 000003dc T _Unwind_VRS_Pop
00110b24 00000060 t next_unwind_byte
00110b84 0000002c t _Unwind_GetGR.constprop.0
00110bb0 00000004 t unwind_UCB_from_context
00110bb4 000003c8 T __gnu_unwind_execute
00110f7c 00000048 T __gnu_unwind_frame
00110fc4 00000010 T _Unwind_GetRegionStart
00110fd4 0000001c T _Unwind_GetLanguageSpecificData
00110ff0 00000008 T _Unwind_GetDataRelBase
00110ff8 00000008 T _Unwind_GetTextRelBase
00111000 00000014 T abort
00111014 0000007c T bsearch
00111090 00000020 T calloc
001110b0 00000094 T _calloc_r
00111144 00000014 T __cxa_atexit
00111158 00000040 T __libc_fini_array
00111198 0000007c T __libc_init_array
00111214 00000094 T __swhatbuf_r
001112a8 000000f4 T __smakebuf_r
0011139c 00000020 T memalign
001113bc 0000014c T _memalign_r
00111508 00000018 T malloc
00111520 00000018 T free
00111538 000007d8 T _malloc_r
00111d10 00000100 T memchr
00111e10 00000118 T memcpy
00111f28 00000154 T memmove
0011207c 00000114 T memset
00112190 0000000c T __malloc_lock
0011219c 0000000c T __malloc_unlock
001121a8 00000038 T printf
001121e0 0000001c T putchar
001121fc 000000dc T _putc_r
001122d8 0000025c T setvbuf
00112534 00000098 T _raise_r
001125cc 00000018 T raise
001125e4 00000074 T sscanf
00112658 0000003c T __sread
00112694 00000008 T __seofread
0011269c 00000068 T __swrite
00112704 00000048 T __sseek
0011274c 00000008 T __sclose
00112754 0000005c T strlen
001127b0 00000098 T strncat
00112848 000000e0 T strncpy
00112928 0000005c T strnlen
00112984 000001d0 t _strtoul_l.isra.0
00112b54 00000004 T _strtoul_r
00112b58 00000048 t get_arg
00112ba0 00002acc T __ssvfscanf_r
0011566c 00000034 T __sprint_r
001156a0 00000620 t get_arg
00115cc0 0000373c T _vfprintf_r
001193fc 000000d0 t __sbprintf
001194cc 00000108 T __swbuf_r
001195d4 00000054 T _wcrtomb_r
00119628 00000020 T _wcsrtombs_r
00119648 00000150 T __swsetup_r
00119798 000000b0 T __register_exitproc
00119848 000001c8 t quorem
00119a10 000012ec T _dtoa_r
0011acfc 00000270 T __sflush_r
0011af6c 00000094 T _fflush_r
0011b000 00000078 t std
0011b078 0000000c T _cleanup_r
0011b084 0000008c T __sinit
0011b110 0000000c T __sfp_lock_acquire
0011b11c 0000000c T __sfp_lock_release
0011b128 000000f8 T _malloc_trim_r
0011b220 000002e4 T _free_r
0011b504 000004a4 T __sfvwrite_r
0011b9a8 00000080 T _fwalk_reent
0011ba28 00000008 T iswspace
0011ba30 0000000c T _localeconv_r
0011ba3c 00000010 T __locale_mb_cur_max
0011ba4c 00000060 T _mbrtowc_r
0011baac 000002fc T __utf8_mbtowc
0011bda8 00000088 T _Balloc
0011be30 0000001c T _Bfree
0011be4c 000000e0 T __multadd
0011bf2c 000000e4 T __s2b
0011c010 00000058 T __hi0bits
0011c068 0000009c T __lo0bits
0011c104 00000020 T __i2b
0011c124 000001c4 T __multiply
0011c2e8 00000100 T __pow5mult
0011c3e8 000000f4 T __lshift
0011c4dc 0000005c T __mcmp
0011c538 00000168 T __mdiff
0011c6a0 00000074 T __ulp
0011c714 000000d4 T __b2d
0011c7e8 00000100 T __d2b
0011c8e8 00000084 T __ratio
0011c96c 0000006c T __copybits
0011c9d8 00000078 T __any_on
0011ca50 00000020 T realloc
0011ca70 000004bc T _realloc_r
0011cf2c 000000cc T __sccl
0011cff8 0000000c T nanf
0011d008 000000a8 T frexp
0011d0b0 00000064 T sprintf
0011d114 00000100 T stpncpy
0011d214 00000180 T strchr
0011d394 0000010c T strncmp
0011d4a0 00000054 t sulp
0011d4f8 000013c4 T _strtod_l
0011e8bc 0000000c T _strtod_r
0011e8c8 0000025c t _strtoll_l.isra.0
0011eb24 00000004 T _strtoll_r
0011eb28 000001bc t _strtol_l.isra.0
0011ece4 00000004 T _strtol_r
0011ece8 0000025c t _strtoull_l.isra.0
0011ef44 00000004 T _strtoull_r
0011ef48 00000188 T __ssprint_r
0011f0d0 000000e4 T _sungetc_r
0011f1b4 0000006c T __ssrefill_r
0011f220 000000c8 T _sfread_r
0011f2e8 00000620 t get_arg
0011f908 000035c0 T _svfprintf_r
00122ec8 000000a4 T __submore
00122f6c 00000184 T _wcsnrtombs_l
001230f0 0000004c T _wcsnrtombs_r
0012313c 000000e8 T __utf8_wctomb
00123224 00000160 T _fclose_r
00123384 000000ec t rshift
00123470 00000828 T __gethex
00123c98 00000060 T __match
00123cf8 00000254 T __hexnan
00123f4c 0000003c T iswspace_l
00123f88 000001e0 t __jp2uc
00124168 00000094 T _jp2uc_l
00124200 00000010 T nan
00124210 00000084 T category
00124294 00000008 t null_write
0012429c 00000018 T setDefaultDevice
001242b4 000000c8 T FindDevice
0012437c 00000028 T RemoveDevice
001243a4 0000009c T AddDevice
00124440 00000084 T _close_r
001244c4 00000074 T _fstat_r
00124538 00000010 T _getpid_r
00124548 00000008 T _isatty_r
00124550 00000010 T _kill_r
00124560 00000084 T _lseek_r
001245e4 00000080 T _read_r
00124664 00000070 T _sbrk_r
001246d4 00000080 T _write_r
00124754 00000024 T _exit
00124778 000001cc T _concatenate_path
00124944 0000015c T chdir
00124aa0 00000008 T __flockfile
00124aa8 00000008 T __funlockfile
00124ab0 00000018 T __libc_lock_acquire
00124ac8 00000018 T __libc_lock_release
00124ae0 00000018 T __libc_lock_init_recursive
00124af8 00000018 T __libc_lock_acquire_recursive
00124b10 00000018 T __libc_lock_release_recursive
00124b28 00000018 T __libc_lock_close_recursive
00124b40 0000008c T __release_handle
00124bcc 00000018 T __get_handle
00124be4 00000028 T __getreent
00124c0c 00000044 T strrchr
00124c50 T _fini
00125000 R render2d_shbin
0012518c R render2d_shbin_end
0012518c R render2d_shbin_size
00125190 R default_font_bin
00125990 R default_font_bin_end
00125990 R default_font_bin_size
001259fc 00000005 r colorFmtSizes
00125a04 00000004 r depthFmtSizes
00125a08 00000010 r CSWTCH.7
00125a18 00000030 r colorTable
00125a9c 00000070 r dotab_stdout
00125b1c 00000014 r CSWTCH.56
00125b30 00000008 r framebufferInfoSt
00125b90 00000030 r error_table
00125be8 0000000c R typeinfo for std::bad_alloc
00125bf4 0000000d R typeinfo name for std::bad_alloc
00125c04 00000014 R vtable for std::bad_alloc
00125c2c 00000008 R typeinfo for __cxxabiv1::__forced_unwind
00125c34 00000008 R typeinfo for __cxxabiv1::__foreign_exception
00125c3c 0000000c R typeinfo for std::bad_exception
00125c48 00000008 R typeinfo for std::exception
00125c50 00000020 R typeinfo name for __cxxabiv1::__forced_unwind
00125c70 00000024 R typeinfo name for __cxxabiv1::__foreign_exception
00125c94 00000012 R typeinfo name for std::bad_exception
00125ca8 0000000d R typeinfo name for std::exception
00125cb8 00000014 R vtable for std::bad_exception
00125ccc 0000000c R typeinfo for __cxxabiv1::__si_class_type_info
00125cd8 00000025 R typeinfo name for __cxxabiv1::__si_class_type_info
00125d00 0000002c R vtable for __cxxabiv1::__si_class_type_info
00125d2c 00000008 R typeinfo for std::type_info
00125d34 0000000d R typeinfo name for std::type_info
00125d44 0000000c R typeinfo for __cxxabiv1::__class_type_info
00125d50 00000022 R typeinfo name for __cxxabiv1::__class_type_info
00125d74 0000002c R vtable for __cxxabiv1::__class_type_info
00125da0 00000004 R _global_impure_ptr
00125dac 00000022 r basefix.8784
00125e0c 00000010 r blanks.8755
00125e1c 00000010 r zeroes.8756
00125e2c 00000101 R _ctype_
00125f40 r .LC2
00125f90 00000028 R __mprec_bigtens
00125fb8 000000c8 R __mprec_tens
00126080 0000000c r p05.7474
0012609c 00000014 r fpi.7554
001260b0 00000014 r fpinan.7590
001260c8 00000028 r tinytens
001260f0 0000006c R __action_table
0012615c 00000100 R __chclass
0012625c 0000006c R __state_table
001262c8 00000010 r blanks.8740
001262d8 00000010 r zeroes.8741
001262e8 00000100 R __hexdig
001263fc 000000bc r a1
001264b8 000000bc r a2
00126574 0000005b r a3
001265d0 00000070 r a6
00126640 000000a2 r a7
001266e4 00000040 r a8
00126724 0000172a r b02cf
00127e50 00001a7c r d02f4
001298cc 0000000c R _C_numeric_locale
001298d8 0000309c r categories
0012c97c 00000070 R dotab_stdnull
0012c9ec 00000003 R DIRECTORY_PARENT
0012c9f0 r 
0012ca6c R __exidx_start
0012cbdc R __exidx_end
0012d000 00000004 D clrColor
0012d004 00000004 D defaultXPos
0012d008 00000004 D defaultYPos
0012d00c 00000004 D speedY
0012d010 W __stacksize__
0012d014 D __dso_handle
0012d018 00000004 d framerate
0012d01c 00000008 d framerateCounter
0012d024 00000004 D currentConsole
0012d028 0000004c D defaultConsole
0012d074 00000001 d firstConsoleInit.8423
0012d075 00000001 d botFormat
0012d078 00000008 d doubleBuf
0012d080 00000001 d topFormat
0012d084 00000004 d queueLock
0012d088 00000004 d gspLastEvent
0012d08c 00000004 d aptFlags
0012d090 00000004 V __ctru_linear_heap_size
0012d094 00000401 d __cwd
0012d498 00000070 d sdmc_devoptab
0012d508 00000004 D __cxxabiv1::__terminate_handler
0012d50c 00000004 D __cxxabiv1::__unexpected_handler
0012d510 00000004 D _impure_ptr
0012d518 00000460 d impure_data
0012d978 00000408 D __malloc_av_
0012dd80 00000004 D __malloc_sbrk_base
0012dd84 00000004 D __malloc_trim_threshold
0012dd88 0000000c d __malloc_recursive_mutex
0012dd94 0000000c D __atexit_recursive_mutex
0012dda0 0000000c d __sfp_recursive_mutex
0012ddac 0000000c d __sinit_recursive_mutex
0012ddb8 0000016c D __global_locale
0012df24 00000002 d numempty
0012df28 00000004 d defaultDevice
0012df2c 0000008c D devoptab_list
0012dfb8 00000400 d _current_working_directory
0012e3b8 00000004 d __hndl_lock
0012e3bc 0000000c d __stderr_handle
0012e3c8 0000000c d __stdin_handle
0012e3d4 0000000c d __stdout_handle
0012e3e0 00001000 d handles
0012f3e0 t __frame_dummy_init_array_entry
0012f3e0 T __init_array_start
0012f3e0 B __preinit_array_end
0012f3e0 B __preinit_array_start
0012f3e0 D __tdata_lma
0012f3e0 D __tdata_lma_end
0012f3e0 D __TMC_END__
0012f3e0 d __TMC_LIST__
0012f3ec t __do_global_dtors_aux_fini_array_entry
0012f3ec T __fini_array_start
0012f3ec T __init_array_end
0012f3f0 T __bss_start__
0012f3f0 T __fini_array_end
0012f3f0 0000000c B gameTable
0012f3fc 0000000c B block
0012f408 00000008 B actualTime
0012f410 00000004 B XPos
0012f414 00000004 B YPos
0012f418 00000004 B speedX
0012f41c b saved_stack
0012f424 b completed.10351
0012f428 b object.10356
0012f440 00000040 b s_projBot
0012f480 00000040 b s_projTop
0012f4c0 00000004 b uLoc_mdlvMtx
0012f4c4 00000004 b uLoc_projMtx
0012f4c8 0000000c b hookCookie
0012f4d8 00000010 b cpuTime
0012f4e8 00000004 b firstTarget
0012f4ec 00000008 b frameCounter
0012f4f4 00000004 b frameEndCb
0012f4f8 00000004 b frameEndCbData
0012f4fc 00000001 b frameStage
0012f500 00000010 b gpuTime
0012f510 00000001 b inFrame
0012f511 00000001 b inSafeTransfer
0012f512 00000001 b initialized
0012f514 00000004 b lastTarget
0012f518 0000000c b linkedTarget
0012f524 00000001 b measureGpuTime
0012f528 000000c0 b C3Di_FVUnifEverDirty
0012f5e8 00000008 b C3Di_IVUnifEverDirty
0012f5f0 00000018 b C3Di_ShaderFVecData
0012f608 0000000c b sAddrMap
0012f614 00000008 b sVramPool
0012f61c 00000008 b sLinearPool
0012f624 0000000c b sAddrMap
0012f630 00000001 V __ctru_speedup
0012f634 00000002 b currentBuffer
0012f636 00000001 b enable3d
0012f638 00000004 b screenAlloc
0012f63c 00000004 b screenFree
0012f640 00000004 b boundQueue
0012f644 00000004 b curQueue
0012f648 00000001 b isActive
0012f649 00000001 b isRunning
0012f64a 00000001 b shouldStop
0012f64c 00000004 b gspEvent
0012f650 0000001c b gspEventCb
0012f66c 0000001c b gspEventCbData
0012f688 00000007 b gspEventCbOneShot
0012f690 0000001c b gspEventCounts
0012f6ac 00000004 b gspEventData
0012f6b0 00000004 b gspEventThread
0012f6b4 00000038 b gspEvents
0012f6ec 00000004 b gspRefCount
0012f6f0 00000001 b gspRunEvents
0012f6f1 00000001 b aptChainloadMediatype
0012f6f8 00000008 b aptChainloadTid
0012f700 00000004 b aptEventHandlerThread
0012f704 0000000c b aptEvents
0012f710 0000000c b aptFirstHook
0012f71c 00000001 b aptHomeButtonState
0012f720 00000004 b aptLockHandle
0012f724 00000004 b aptMessageFunc
0012f728 00000004 b aptMessageFuncData
0012f72c 00001000 b aptParameters
0013072c 00000004 b aptRefCount
00130730 00000008 b aptSleepEvent
00130738 00000001 b flagInit.8274
00130739 00000001 b flagValue.8275
0013073c 00000004 b serviceName.7913
00130740 00000006 b aVec
00130748 00000004 b cPos
0013074c 00000006 b gRate
00130754 00000004 b hidRefCount
00130758 00000004 b kDown
0013075c 00000004 b kHeld
00130760 00000004 b kOld
00130764 00000004 b kUp
00130768 00000004 b tPos
0013076c 00000004 b ptmSysmHandle
00130770 00000004 b ptmSysmRefCount
00130774 00000004 V __ctru_heap_size
00130778 00000008 b sMappablePool
00130780 0000000c b sAddrMap
0013078c 00000004 b arbiter
00130790 00000004 b srvHandle
00130794 00000004 b srvRefCount
00130798 00000004 b csPos
0013079c 00000004 b irrstRefCount
001307a0 00000004 b kHeld
001307a4 00000004 b srvPmHandle
001307a8 00000008 b sdmcArchive
001307b0 00000001 b sdmcInitialised
001307b8 00000080 b fsExemptArchives
00130838 00000004 b fsuHandle
0013083c 00000004 b fsuRefCount
00130840 00000004 b (anonymous namespace)::__new_handler
00130844 00000010 b (anonymous namespace)::emergency_pool
00130854 0000000c b eh_globals
00130860 00000028 B __malloc_current_mallinfo
00130888 00000004 B __malloc_max_sbrked_mem
0013088c 00000004 B __malloc_max_total_mem
00130890 00000004 B __malloc_top_pad
00130894 00000004 b heap_start.7414
00130898 00000004 B fake_heap_end
0013089c 00000004 B fake_heap_start
001308a0 00000400 b temp_cwd
00130ca0 00000048 B __syscalls
00130ce8 000005a0 B __C2Di_Context
00131288 000002d0 B __C3D_Context
00131558 00000020 B C3D_IVUnif
00131578 000000c0 B C3D_FVUnifDirty
00131638 00000002 B C3D_BoolUnifsDirty
0013163c 00000008 B C3D_IVUnifDirty
00131644 00000004 B C3D_BoolUnifs
00131648 00000c00 B C3D_FVUnif
00132248 0000004c B currentCopy
00132294 00000008 B gfxBottomFramebuffers
0013229c 00000004 B gspSharedMemHandle
001322a0 0000001c B bottomFramebufferInfo
001322bc 00000004 B gspEvent
001322c0 00000008 B gfxTopLeftFramebuffers
001322c8 00000008 B gfxTopRightFramebuffers
001322d0 0000001c B topFramebufferInfo
001322ec 00000001 B gfxThreadID
001322f0 00000004 B gfxSharedMemory
001322f4 00000004 B gfxTopFramebufferMaxSize
001322f8 00000004 B gfxBottomFramebufferMaxSize
001322fc 00000004 B gxCmdBuf
00132300 00000004 B gpuCmdBuf
00132304 00000004 B gpuCmdBufOffset
00132308 00000004 B gpuCmdBufSize
0013230c 00000004 B gspGpuHandle
00132310 00000004 B hidMemHandle
00132314 00000004 B hidHandle
00132318 00000004 B hidSharedMem
0013231c 00000014 B hidEvents
00132330 00000004 B __system_retAddr
00132334 00000004 B __ctru_linear_heap
00132338 00000004 B __ctru_heap
0013233c 00000004 B __system_argv
00132340 00000004 B __system_argc
00132344 00000004 B irrstHandle
00132348 00000004 B irrstEvent
0013234c 00000004 B irrstMemHandle
00132350 00000004 B irrstSharedMem
00132354 B __tls_start
00133760 B __bss_end__
00133760 A __end__
00133760 B __tls_end
